<?xml version="1.0" encoding="UTF-8"?>
<!-- Generated by org.testng.reporters.JUnitReportReporter -->
<testsuite skipped="0" hostname="DESKTOP-BDJ28N4" name="webpage.project" tests="1" failures="0" timestamp="25 May 2020 18:49:13 GMT" time="8.387" errors="0">
  <testcase name="verify" time="8.387" classname="webpage.project"/>
</testsuite> <!-- webpage.project -->
